<?xml version="1.0" encoding="UTF-8"?>
<testng-results ignored="12" total="20" passed="8" failed="0" skipped="0">
  <reporter-output>
  </reporter-output>
  <suite started-at="2024-03-02T18:22:11 MSK" name="Surefire suite" finished-at="2024-03-02T18:22:11 MSK" duration-ms="37">
    <groups>
    </groups>
    <test started-at="2024-03-02T18:22:11 MSK" name="Surefire test" finished-at="2024-03-02T18:22:11 MSK" duration-ms="37">
      <class name="TmpTest">
        <test-method signature="archTest1()[pri:0, instance:TmpTest@516be40f]" started-at="2024-03-02T18:22:11 MSK" name="archTest1" finished-at="2024-03-02T18:22:11 MSK" duration-ms="1" status="PASS">
          <reporter-output>
          </reporter-output>
        </test-method> <!-- archTest1 -->
        <test-method is-config="true" signature="beforeMethod()[pri:0, instance:TmpTest@516be40f]" started-at="2024-03-02T18:22:11 MSK" name="beforeMethod" finished-at="2024-03-02T18:22:11 MSK" duration-ms="0" status="PASS">
          <reporter-output>
          </reporter-output>
        </test-method> <!-- beforeMethod -->
        <test-method is-config="true" signature="beforeClass()[pri:0, instance:TmpTest@516be40f]" started-at="2024-03-02T18:22:11 MSK" name="beforeClass" finished-at="2024-03-02T18:22:11 MSK" duration-ms="0" status="PASS">
          <reporter-output>
          </reporter-output>
        </test-method> <!-- beforeClass -->
        <test-method is-config="true" signature="afterMethod()[pri:0, instance:TmpTest@516be40f]" started-at="2024-03-02T18:22:11 MSK" name="afterMethod" finished-at="2024-03-02T18:22:11 MSK" duration-ms="0" status="PASS">
          <reporter-output>
          </reporter-output>
        </test-method> <!-- afterMethod -->
        <test-method signature="archTest2()[pri:0, instance:TmpTest@516be40f]" started-at="2024-03-02T18:22:11 MSK" name="archTest2" finished-at="2024-03-02T18:22:11 MSK" duration-ms="0" status="PASS">
          <reporter-output>
          </reporter-output>
        </test-method> <!-- archTest2 -->
        <test-method is-config="true" signature="afterMethod()[pri:0, instance:TmpTest@516be40f]" started-at="2024-03-02T18:22:11 MSK" name="afterMethod" finished-at="2024-03-02T18:22:11 MSK" duration-ms="0" status="PASS">
          <reporter-output>
          </reporter-output>
        </test-method> <!-- afterMethod -->
        <test-method is-config="true" signature="beforeMethod()[pri:0, instance:TmpTest@516be40f]" started-at="2024-03-02T18:22:11 MSK" name="beforeMethod" finished-at="2024-03-02T18:22:11 MSK" duration-ms="0" status="PASS">
          <reporter-output>
          </reporter-output>
        </test-method> <!-- beforeMethod -->
        <test-method is-config="true" signature="afterClass()[pri:0, instance:TmpTest@516be40f]" started-at="2024-03-02T18:22:11 MSK" name="afterClass" finished-at="2024-03-02T18:22:11 MSK" duration-ms="0" status="PASS">
          <reporter-output>
          </reporter-output>
        </test-method> <!-- afterClass -->
      </class> <!-- TmpTest -->
      <class name="BUnitTest">
        <test-method is-config="true" signature="beforeClass()[pri:0, instance:BUnitTest@473b46c3]" started-at="2024-03-02T18:22:11 MSK" name="beforeClass" finished-at="2024-03-02T18:22:11 MSK" duration-ms="1" status="PASS">
          <reporter-output>
          </reporter-output>
        </test-method> <!-- beforeClass -->
        <test-method signature="archTest1()[pri:0, instance:BUnitTest@473b46c3]" started-at="2024-03-02T18:22:11 MSK" name="archTest1" finished-at="2024-03-02T18:22:11 MSK" duration-ms="1" status="PASS">
          <reporter-output>
          </reporter-output>
        </test-method> <!-- archTest1 -->
        <test-method is-config="true" signature="beforeMethod()[pri:0, instance:BUnitTest@473b46c3]" started-at="2024-03-02T18:22:11 MSK" name="beforeMethod" finished-at="2024-03-02T18:22:11 MSK" duration-ms="0" status="PASS">
          <reporter-output>
          </reporter-output>
        </test-method> <!-- beforeMethod -->
        <test-method is-config="true" signature="afterMethod()[pri:0, instance:BUnitTest@473b46c3]" started-at="2024-03-02T18:22:11 MSK" name="afterMethod" finished-at="2024-03-02T18:22:11 MSK" duration-ms="0" status="PASS">
          <reporter-output>
          </reporter-output>
        </test-method> <!-- afterMethod -->
        <test-method signature="archTest2()[pri:0, instance:BUnitTest@473b46c3]" started-at="2024-03-02T18:22:11 MSK" name="archTest2" finished-at="2024-03-02T18:22:11 MSK" duration-ms="0" status="PASS">
          <reporter-output>
          </reporter-output>
        </test-method> <!-- archTest2 -->
        <test-method is-config="true" signature="beforeMethod()[pri:0, instance:BUnitTest@473b46c3]" started-at="2024-03-02T18:22:11 MSK" name="beforeMethod" finished-at="2024-03-02T18:22:11 MSK" duration-ms="0" status="PASS">
          <reporter-output>
          </reporter-output>
        </test-method> <!-- beforeMethod -->
        <test-method is-config="true" signature="afterMethod()[pri:0, instance:BUnitTest@473b46c3]" started-at="2024-03-02T18:22:11 MSK" name="afterMethod" finished-at="2024-03-02T18:22:11 MSK" duration-ms="0" status="PASS">
          <reporter-output>
          </reporter-output>
        </test-method> <!-- afterMethod -->
        <test-method is-config="true" signature="afterClass()[pri:0, instance:BUnitTest@473b46c3]" started-at="2024-03-02T18:22:11 MSK" name="afterClass" finished-at="2024-03-02T18:22:11 MSK" duration-ms="0" status="PASS">
          <reporter-output>
          </reporter-output>
        </test-method> <!-- afterClass -->
      </class> <!-- BUnitTest -->
      <class name="CalcTest">
        <test-method is-config="true" signature="beforeSuite()[pri:0, instance:CalcTest@15d9bc04]" started-at="2024-03-02T18:22:11 MSK" name="beforeSuite" finished-at="2024-03-02T18:22:11 MSK" duration-ms="8" status="PASS">
          <reporter-output>
          </reporter-output>
        </test-method> <!-- beforeSuite -->
        <test-method is-config="true" signature="beforeTest()[pri:0, instance:CalcTest@15d9bc04]" started-at="2024-03-02T18:22:11 MSK" name="beforeTest" finished-at="2024-03-02T18:22:11 MSK" duration-ms="0" status="PASS">
          <reporter-output>
          </reporter-output>
        </test-method> <!-- beforeTest -->
        <test-method is-config="true" signature="beforeClass()[pri:0, instance:CalcTest@15d9bc04]" started-at="2024-03-02T18:22:11 MSK" name="beforeClass" finished-at="2024-03-02T18:22:11 MSK" duration-ms="1" status="PASS">
          <reporter-output>
          </reporter-output>
        </test-method> <!-- beforeClass -->
        <test-method is-config="true" signature="beforeMethod()[pri:0, instance:CalcTest@15d9bc04]" started-at="2024-03-02T18:22:11 MSK" name="beforeMethod" finished-at="2024-03-02T18:22:11 MSK" duration-ms="0" status="PASS">
          <reporter-output>
          </reporter-output>
        </test-method> <!-- beforeMethod -->
        <test-method signature="divDoubleTest()[pri:0, instance:CalcTest@15d9bc04]" started-at="2024-03-02T18:22:11 MSK" name="divDoubleTest" finished-at="2024-03-02T18:22:11 MSK" duration-ms="0" status="PASS">
          <reporter-output>
          </reporter-output>
        </test-method> <!-- divDoubleTest -->
        <test-method is-config="true" signature="afterMethod()[pri:0, instance:CalcTest@15d9bc04]" started-at="2024-03-02T18:22:11 MSK" name="afterMethod" finished-at="2024-03-02T18:22:11 MSK" duration-ms="1" status="PASS">
          <reporter-output>
          </reporter-output>
        </test-method> <!-- afterMethod -->
        <test-method signature="divIntTest()[pri:0, instance:CalcTest@15d9bc04]" started-at="2024-03-02T18:22:11 MSK" name="divIntTest" finished-at="2024-03-02T18:22:11 MSK" duration-ms="1" status="PASS">
          <reporter-output>
          </reporter-output>
        </test-method> <!-- divIntTest -->
        <test-method is-config="true" signature="beforeMethod()[pri:0, instance:CalcTest@15d9bc04]" started-at="2024-03-02T18:22:11 MSK" name="beforeMethod" finished-at="2024-03-02T18:22:11 MSK" duration-ms="0" status="PASS">
          <reporter-output>
          </reporter-output>
        </test-method> <!-- beforeMethod -->
        <test-method is-config="true" signature="afterMethod()[pri:0, instance:CalcTest@15d9bc04]" started-at="2024-03-02T18:22:11 MSK" name="afterMethod" finished-at="2024-03-02T18:22:11 MSK" duration-ms="0" status="PASS">
          <reporter-output>
          </reporter-output>
        </test-method> <!-- afterMethod -->
        <test-method signature="sumTest()[pri:0, instance:CalcTest@15d9bc04]" started-at="2024-03-02T18:22:11 MSK" name="sumTest" finished-at="2024-03-02T18:22:11 MSK" duration-ms="0" status="PASS">
          <reporter-output>
          </reporter-output>
        </test-method> <!-- sumTest -->
        <test-method is-config="true" signature="beforeMethod()[pri:0, instance:CalcTest@15d9bc04]" started-at="2024-03-02T18:22:11 MSK" name="beforeMethod" finished-at="2024-03-02T18:22:11 MSK" duration-ms="0" status="PASS">
          <reporter-output>
          </reporter-output>
        </test-method> <!-- beforeMethod -->
        <test-method is-config="true" signature="afterClass()[pri:0, instance:CalcTest@15d9bc04]" started-at="2024-03-02T18:22:11 MSK" name="afterClass" finished-at="2024-03-02T18:22:11 MSK" duration-ms="0" status="PASS">
          <reporter-output>
          </reporter-output>
        </test-method> <!-- afterClass -->
        <test-method is-config="true" signature="afterMethod()[pri:0, instance:CalcTest@15d9bc04]" started-at="2024-03-02T18:22:11 MSK" name="afterMethod" finished-at="2024-03-02T18:22:11 MSK" duration-ms="0" status="PASS">
          <reporter-output>
          </reporter-output>
        </test-method> <!-- afterMethod -->
        <test-method is-config="true" signature="afterTest()[pri:0, instance:CalcTest@15d9bc04]" started-at="2024-03-02T18:22:11 MSK" name="afterTest" finished-at="2024-03-02T18:22:11 MSK" duration-ms="0" status="PASS">
          <reporter-output>
          </reporter-output>
        </test-method> <!-- afterTest -->
        <test-method is-config="true" signature="afterSuite()[pri:0, instance:CalcTest@15d9bc04]" started-at="2024-03-02T18:22:11 MSK" name="afterSuite" finished-at="2024-03-02T18:22:11 MSK" duration-ms="1" status="PASS">
          <reporter-output>
          </reporter-output>
        </test-method> <!-- afterSuite -->
      </class> <!-- CalcTest -->
      <class name="FirstTest">
        <test-method signature="FirstTest()[pri:0, instance:FirstTest@5cdd8682]" started-at="2024-03-02T18:22:11 MSK" name="FirstTest" finished-at="2024-03-02T18:22:11 MSK" duration-ms="2" status="PASS">
          <reporter-output>
          </reporter-output>
        </test-method> <!-- FirstTest -->
      </class> <!-- FirstTest -->
    </test> <!-- Surefire test -->
  </suite> <!-- Surefire suite -->
</testng-results>
